<?xml version="1.0" encoding="UTF-8"?>
<testsuite name="Registrarse en la app de Exito" tests="1" skipped="0" failures="0" errors="0" timestamp="2023-07-30T00:12:49" hostname="SQAMED-90298" time="93.218">
  <properties/>
  <testcase name="Digitar las credenciales del usuario" classname="Registrarse en la app de Exito" time="93.218"/>
  <system-out><![CDATA[]]></system-out>
  <system-err><![CDATA[jul. 29, 2023 7:13:04 P. M. io.appium.java_client.remote.AppiumCommandExecutor$1 lambda$0
INFO: Detected dialect: OSS
[Test worker] INFO net.thucydides.core.steps.ConsoleLoggingListener - 
        __    _____ _____ ____ _____   ____   _    ____  ____  _____ ____  
  _     \ \  |_   _| ____/ ___|_   _| |  _ \ / \  / ___|/ ___|| ____|  _ \ 
 (_)_____| |   | | |  _| \___ \ | |   | |_) / _ \ \___ \\___ \|  _| | | | |
  _|_____| |   | | | |___ ___) || |   |  __/ ___ \ ___) |___) | |___| |_| |
 (_)     | |   |_| |_____|____/ |_|   |_| /_/   \_\____/|____/|_____|____/ 
        /_/                                                                

TEST PASSED: Digitar las credenciales del usuario
----------------------------------------------------------------------------
]]></system-err>
</testsuite>
